<?xml version="1.0" encoding="UTF-8"?>
<!-- Generated by org.testng.reporters.JUnitReportReporter -->
<testsuite hostname="LTIN284425" failures="0" tests="1" name="testCases.TC_001_Book_SUV" time="23.354" errors="0" timestamp="2024-03-04T10:43:55 IST" skipped="0">
  <testcase classname="testCases.TC_001_Book_SUV" name="search" time="23.354"/>
</testsuite> <!-- testCases.TC_001_Book_SUV -->
